<?xml version="1.0" encoding="UTF-8"?>
<!-- Generated by org.testng.reporters.JUnitXMLReporter -->
<testsuite hostname="Q14589" name="Test" tests="6" failures="0" timestamp="26 Aug 2016 08:38:02 GMT" time="72.557" errors="0">
  <testcase name="uom" time="23.673" classname="com.ERP.master.exeng"/>
  <testcase name="uom" time="23.607" classname="com.ERP.master.exeng"/>
  <testcase name="uom" time="22.479" classname="com.ERP.master.exeng"/>
  <testcase name="abc" time="0.005" classname="com.ERP.master.NG"/>
  <testcase name="pqr" time="0.003" classname="com.ERP.master.NG"/>
  <testcase name="xyz" time="0.002" classname="com.ERP.master.NG"/>
</testsuite> <!-- Test -->
