<?xml version="1.0" encoding="UTF-8"?>
<testng-results skipped="0" failed="0" total="1" passed="1">
  <reporter-output>
  </reporter-output>
  <suite name="Default suite" duration-ms="18354" started-at="2016-08-26T10:43:33Z" finished-at="2016-08-26T10:43:51Z">
    <groups>
    </groups>
    <test name="Default test" duration-ms="18354" started-at="2016-08-26T10:43:33Z" finished-at="2016-08-26T10:43:51Z">
      <class name="com.ERP.master.pomexee">
        <test-method status="PASS" signature="loexe()[pri:0, instance:com.ERP.master.pomexee@c2567a6]" name="loexe" duration-ms="18329" started-at="2016-08-26T16:13:33Z" finished-at="2016-08-26T16:13:51Z">
          <reporter-output>
          </reporter-output>
        </test-method> <!-- loexe -->
      </class> <!-- com.ERP.master.pomexee -->
    </test> <!-- Default test -->
  </suite> <!-- Default suite -->
</testng-results>
